<?xml version="1.0" encoding="UTF-8"?>
<testsuite xmlns:xsi="http://www.w3.org/2001/XMLSchema-instance" xsi:noNamespaceSchemaLocation="https://maven.apache.org/surefire/maven-surefire-plugin/xsd/surefire-test-report-3.0.xsd" version="3.0" name="com.CSCProject.TicketAPI.TicketApiApplicationTests" time="3.89" tests="1" errors="0" skipped="0" failures="0">
  <properties>
[...]
</properties>
  <testcase name="contextLoads" classname="com.CSCProject.TicketAPI.TicketApiApplicationTests" time="0.957">
    <system-out><![CDATA[11:35:49.200 [main] INFO org.springframework.test.context.support.AnnotationConfigContextLoaderUtils -- Could not detect default configuration classes for test class [com.CSCProject.TicketAPI.TicketApiApplicationTests]: TicketApiApplicationTests does not declare any static, non-private, non-final, nested classes annotated with @Configuration.
11:35:49.314 [main] INFO org.springframework.boot.test.context.SpringBootTestContextBootstrapper -- Found @SpringBootConfiguration com.CSCProject.TicketAPI.TicketApiApplication for test class com.CSCProject.TicketAPI.TicketApiApplicationTests

  .   ____          _            __ _ _
 /\\ / ___'_ __ _ _(_)_ __  __ _ \ \ \ \
( ( )\___ | '_ | '_| | '_ \/ _` | \ \ \ \
 \\/  ___)| |_)| | | | | || (_| |  ) ) ) )
  '  |____| .__|_| |_|_| |_\__, | / / / /
 =========|_|==============|___/=/_/_/_/
 :: Spring Boot ::                (v3.1.4)

2023-11-30T11:35:49.736-05:00  INFO 13596 --- [           main] c.C.TicketAPI.TicketApiApplicationTests  : Starting TicketApiApplicationTests using Java 21.0.1 with PID 13596 (started by Enriq in C:\Users\Enriq\IdeaProjects\TicketAPI)
2023-11-30T11:35:49.738-05:00  INFO 13596 --- [           main] c.C.TicketAPI.TicketApiApplicationTests  : No active profile set, falling back to 1 default profile: "default"
2023-11-30T11:35:50.178-05:00  INFO 13596 --- [           main] .s.d.r.c.RepositoryConfigurationDelegate : Bootstrapping Spring Data MongoDB repositories in DEFAULT mode.
2023-11-30T11:35:50.240-05:00  INFO 13596 --- [           main] .s.d.r.c.RepositoryConfigurationDelegate : Finished Spring Data repository scanning in 56 ms. Found 2 MongoDB repository interfaces.
2023-11-30T11:35:50.910-05:00  INFO 13596 --- [           main] org.mongodb.driver.client                : MongoClient with metadata {"driver": {"name": "mongo-java-driver|sync|spring-boot", "version": "4.9.1"}, "os": {"type": "Windows", "name": "Windows 11", "architecture": "amd64", "version": "10.0"}, "platform": "Java/Oracle Corporation/21.0.1+12-29"} created with settings MongoClientSettings{readPreference=primary, writeConcern=WriteConcern{w=majority, wTimeout=null ms, journal=null}, retryWrites=true, retryReads=true, readConcern=ReadConcern{level=null}, credential=MongoCredential{mechanism=null, userName='eBarrios31', source='admin', password=<hidden>, mechanismProperties=<hidden>}, streamFactoryFactory=null, commandListeners=[], codecRegistry=ProvidersCodecRegistry{codecProviders=[ValueCodecProvider{}, BsonValueCodecProvider{}, DBRefCodecProvider{}, DBObjectCodecProvider{}, DocumentCodecProvider{}, CollectionCodecProvider{}, IterableCodecProvider{}, MapCodecProvider{}, GeoJsonCodecProvider{}, GridFSFileCodecProvider{}, Jsr310CodecProvider{}, JsonObjectCodecProvider{}, BsonCodecProvider{}, EnumCodecProvider{}, com.mongodb.client.model.mql.ExpressionCodecProvider@22d9bc14, com.mongodb.Jep395RecordCodecProvider@346f41a9]}, loggerSettings=LoggerSettings{maxDocumentLength=1000}, clusterSettings={hosts=[127.0.0.1:27017], srvHost=flights.jx2i2em.mongodb.net, srvServiceName=mongodb, mode=MULTIPLE, requiredClusterType=REPLICA_SET, requiredReplicaSetName='atlas-e1betv-shard-0', serverSelector='null', clusterListeners='[]', serverSelectionTimeout='30000 ms', localThreshold='30000 ms'}, socketSettings=SocketSettings{connectTimeoutMS=10000, readTimeoutMS=0, receiveBufferSize=0, sendBufferSize=0}, heartbeatSocketSettings=SocketSettings{connectTimeoutMS=10000, readTimeoutMS=10000, receiveBufferSize=0, sendBufferSize=0}, connectionPoolSettings=ConnectionPoolSettings{maxSize=100, minSize=0, maxWaitTimeMS=120000, maxConnectionLifeTimeMS=0, maxConnectionIdleTimeMS=0, maintenanceInitialDelayMS=0, maintenanceFrequencyMS=60000, connectionPoolListeners=[], maxConnecting=2}, serverSettings=ServerSettings{heartbeatFrequencyMS=10000, minHeartbeatFrequencyMS=500, serverListeners='[]', serverMonitorListeners='[]'}, sslSettings=SslSettings{enabled=true, invalidHostNameAllowed=false, context=null}, applicationName='null', compressorList=[], uuidRepresentation=JAVA_LEGACY, serverApi=null, autoEncryptionSettings=null, contextProvider=null}
2023-11-30T11:35:51.037-05:00  INFO 13596 --- [2em.mongodb.net] org.mongodb.driver.cluster               : Adding discovered server ac-pi1qwx2-shard-00-02.jx2i2em.mongodb.net:27017 to client view of cluster
2023-11-30T11:35:51.065-05:00  INFO 13596 --- [2em.mongodb.net] org.mongodb.driver.cluster               : Adding discovered server ac-pi1qwx2-shard-00-00.jx2i2em.mongodb.net:27017 to client view of cluster
2023-11-30T11:35:51.066-05:00  INFO 13596 --- [2em.mongodb.net] org.mongodb.driver.cluster               : Adding discovered server ac-pi1qwx2-shard-00-01.jx2i2em.mongodb.net:27017 to client view of cluster
2023-11-30T11:35:51.921-05:00  INFO 13596 --- [           main] c.C.TicketAPI.TicketApiApplicationTests  : Started TicketApiApplicationTests in 2.455 seconds (process running for 5.007)
]]></system-out>
    <system-err><![CDATA[WARNING: A Java agent has been loaded dynamically (C:\Users\Enriq\.m2\repository\net\bytebuddy\byte-buddy-agent\1.14.8\byte-buddy-agent-1.14.8.jar)
WARNING: If a serviceability tool is in use, please run with -XX:+EnableDynamicAgentLoading to hide this warning
WARNING: If a serviceability tool is not in use, please run with -Djdk.instrument.traceUsage for more information
WARNING: Dynamic loading of agents will be disallowed by default in a future release
]]></system-err>
  </testcase>
</testsuite>